2026-04-24 16:53:40,989 [INFO] Activator:176 - 


2026-04-24 16:53:40,995 [INFO] Activator:177 - !SESSION log4j initialized
2026-04-24 16:53:49,196 [INFO] LogOutputStream:77 - [STDOUT_REDIRECT] 
2026-04-24 16:54:08,817 [INFO] ApplicationProperties:184 - Using Application install path: C:\Program Files (x86)\STMicroelectronicsSTM32CubeIDE\STM32CubeIDE_1.19.0\STM32CubeIDE\plugins\com.st.stm32cube.common.mx_6.15.0.202507011659
2026-04-24 16:54:08,840 [INFO] DbMcusXml:78 - Set database path to: C:\Program Files (x86)\STMicroelectronicsSTM32CubeIDE\STM32CubeIDE_1.19.0\STM32CubeIDE\plugins\com.st.stm32cube.common.mx_6.15.0.202507011659\\db\/mcu/
2026-04-24 16:54:08,841 [INFO] ApiDb:274 - Set plugin database path to: C:\Program Files (x86)\STMicroelectronicsSTM32CubeIDE\STM32CubeIDE_1.19.0\STM32CubeIDE\plugins\com.st.stm32cube.common.mx_6.15.0.202507011659\\db\/plugins/boardmanager/
2026-04-24 16:54:08,841 [WARN] ApiDb:259 - Overriding images path with different value:  => C:\Program Files (x86)\STMicroelectronicsSTM32CubeIDE\STM32CubeIDE_1.19.0\STM32CubeIDE\plugins\com.st.stm32cube.common.mx_6.15.0.202507011659\\db\/plugins/mcufinder/images/
2026-04-24 16:54:08,854 [INFO] ApiDb:250 - Set database path to: C:\Users\Universita\.stmcufinder\plugins\mcufinder//mcu/
2026-04-24 16:54:08,856 [INFO] DbMcusAds:125 - Set database path to: C:\Users\Universita\.stmcufinder\plugins\mcufinder//mcu/
2026-04-24 16:54:08,858 [INFO] CrossReferenceDbSqlite:203 - Set database path to: C:\Users\Universita\.stmcufinder\plugins\mcufinder//mcu/cs/
2026-04-24 16:54:09,006 [INFO] RulesReader:64 - Compatibility file has been processed (317 Rules)
2026-04-24 16:54:09,100 [INFO] DbMcusXml:78 - Set database path to: C:\Program Files (x86)\STMicroelectronicsSTM32CubeIDE\STM32CubeIDE_1.19.0\STM32CubeIDE\plugins\com.st.stm32cube.common.mx_6.15.0.202507011659\\db\/mcu/
2026-04-24 16:54:09,101 [INFO] ApiDb:274 - Set plugin database path to: C:\Program Files (x86)\STMicroelectronicsSTM32CubeIDE\STM32CubeIDE_1.19.0\STM32CubeIDE\plugins\com.st.stm32cube.common.mx_6.15.0.202507011659\\db\/plugins/boardmanager/
2026-04-24 16:54:09,101 [INFO] ApiDb:261 - Set plugin images path to: C:\Program Files (x86)\STMicroelectronicsSTM32CubeIDE\STM32CubeIDE_1.19.0\STM32CubeIDE\plugins\com.st.stm32cube.common.mx_6.15.0.202507011659\\db\/plugins/mcufinder/images/
2026-04-24 16:54:09,101 [WARN] DbFile:41 - Overriding database path with different value: C:\Users\Universita\.stmcufinder\plugins\mcufinder/ => C:\Users\Universita\.stmcufinder\plugins\mcufinder
2026-04-24 16:54:09,101 [INFO] ApiDb:250 - Set database path to: C:\Users\Universita\.stmcufinder\plugins\mcufinder//mcu/
2026-04-24 16:54:09,101 [WARN] DbFile:41 - Overriding database path with different value: C:\Users\Universita\.stmcufinder\plugins\mcufinder/ => C:\Users\Universita\.stmcufinder\plugins\mcufinder
2026-04-24 16:54:09,101 [INFO] DbMcusAds:125 - Set database path to: C:\Users\Universita\.stmcufinder\plugins\mcufinder//mcu/
2026-04-24 16:54:09,102 [WARN] DbFile:41 - Overriding database path with different value: C:\Users\Universita\.stmcufinder\plugins\mcufinder/ => C:\Users\Universita\.stmcufinder\plugins\mcufinder
2026-04-24 16:54:09,102 [WARN] DbFile:41 - Overriding database path with different value: C:\Users\Universita\.stmcufinder\plugins\mcufinder/ => C:\Users\Universita\.stmcufinder\plugins\mcufinder
2026-04-24 16:54:09,102 [INFO] CrossReferenceDbSqlite:203 - Set database path to: C:\Users\Universita\.stmcufinder\plugins\mcufinder//mcu/cs/
2026-04-24 16:54:09,192 [INFO] MainPanel:274 - HeapMemory: 268435456
2026-04-24 16:54:09,313 [INFO] DbMcusXml:78 - Set database path to: C:\Program Files (x86)\STMicroelectronicsSTM32CubeIDE\STM32CubeIDE_1.19.0\STM32CubeIDE\plugins\com.st.stm32cube.common.mx_6.15.0.202507011659\\db\/mcu/
2026-04-24 16:54:09,313 [INFO] ApiDb:274 - Set plugin database path to: C:\Program Files (x86)\STMicroelectronicsSTM32CubeIDE\STM32CubeIDE_1.19.0\STM32CubeIDE\plugins\com.st.stm32cube.common.mx_6.15.0.202507011659\\db\/plugins/boardmanager/
2026-04-24 16:54:09,313 [INFO] ApiDb:261 - Set plugin images path to: C:\Program Files (x86)\STMicroelectronicsSTM32CubeIDE\STM32CubeIDE_1.19.0\STM32CubeIDE\plugins\com.st.stm32cube.common.mx_6.15.0.202507011659\\db\/plugins/mcufinder/images/
2026-04-24 16:54:09,314 [WARN] DbFile:41 - Overriding database path with different value: C:\Users\Universita\.stmcufinder\plugins\mcufinder/ => C:\Users\Universita\.stmcufinder\plugins\mcufinder
2026-04-24 16:54:09,314 [INFO] ApiDb:250 - Set database path to: C:\Users\Universita\.stmcufinder\plugins\mcufinder//mcu/
2026-04-24 16:54:09,314 [WARN] DbFile:41 - Overriding database path with different value: C:\Users\Universita\.stmcufinder\plugins\mcufinder/ => C:\Users\Universita\.stmcufinder\plugins\mcufinder
2026-04-24 16:54:09,314 [INFO] DbMcusAds:125 - Set database path to: C:\Users\Universita\.stmcufinder\plugins\mcufinder//mcu/
2026-04-24 16:54:09,314 [WARN] DbFile:41 - Overriding database path with different value: C:\Users\Universita\.stmcufinder\plugins\mcufinder/ => C:\Users\Universita\.stmcufinder\plugins\mcufinder
2026-04-24 16:54:09,314 [WARN] DbFile:41 - Overriding database path with different value: C:\Users\Universita\.stmcufinder\plugins\mcufinder/ => C:\Users\Universita\.stmcufinder\plugins\mcufinder
2026-04-24 16:54:09,314 [INFO] CrossReferenceDbSqlite:203 - Set database path to: C:\Users\Universita\.stmcufinder\plugins\mcufinder//mcu/cs/
2026-04-24 16:54:09,337 [INFO] ApplicationProperties:184 - Using Application install path: C:\Program Files (x86)\STMicroelectronicsSTM32CubeIDE\STM32CubeIDE_1.19.0\STM32CubeIDE\plugins\com.st.stm32cube.common.mx_6.15.0.202507011659
2026-04-24 16:54:09,338 [INFO] PluginManage:196 - Search for loadable plugins [exclusion list=, ]
2026-04-24 16:54:09,340 [INFO] PluginManage:310 - Check plugin analytics
2026-04-24 16:54:14,618 [INFO] AnalyticsPlugin:253 - Accepted Software Licenses: 
2026-04-24 16:54:14,618 [INFO] AnalyticsPlugin:255 - Accepted CMSIS Pack Licenses: 
2026-04-24 16:54:14,618 [INFO] AnalyticsPlugin:257 - Accepted Firmware Licenses: 
2026-04-24 16:54:14,622 [INFO] PluginManage:359 - Loaded plugin analytics (category:tool,tabindex:-1)
2026-04-24 16:54:14,622 [INFO] PluginManage:310 - Check plugin cadmodel
2026-04-24 16:54:14,645 [INFO] CADModel:105 - Init CAD model plugin
2026-04-24 16:54:14,645 [INFO] PluginManage:359 - Loaded plugin cadmodel (category:power,tabindex:5)
2026-04-24 16:54:14,646 [INFO] PluginManage:310 - Check plugin clock
2026-04-24 16:54:14,691 [INFO] PluginManage:359 - Loaded plugin clock (category:base,tabindex:2)
2026-04-24 16:54:14,692 [INFO] PluginManage:310 - Check plugin ddr
2026-04-24 16:54:14,695 [INFO] PluginManage:359 - Loaded plugin ddr (category:tool,tabindex:6)
2026-04-24 16:54:14,695 [INFO] PluginManage:310 - Check plugin filemanager
2026-04-24 16:54:14,885 [INFO] PluginManage:359 - Loaded plugin filemanager (category:base,tabindex:10)
2026-04-24 16:54:14,885 [INFO] PluginManage:310 - Check plugin ipmanager
2026-04-24 16:54:14,894 [INFO] PluginManage:359 - Loaded plugin ipmanager (category:base,tabindex:5)
2026-04-24 16:54:14,894 [INFO] PluginManage:310 - Check plugin lpbam
2026-04-24 16:54:14,914 [INFO] PluginManage:359 - Loaded plugin lpbam (category:base,tabindex:0)
2026-04-24 16:54:14,914 [INFO] PluginManage:310 - Check plugin memorymap
2026-04-24 16:54:14,939 [INFO] PluginManage:359 - Loaded plugin memorymap (category:base,tabindex:4)
2026-04-24 16:54:14,939 [INFO] PluginManage:310 - Check plugin pinoutandconfiguration
2026-04-24 16:54:14,960 [INFO] PluginManage:359 - Loaded plugin pinoutandconfiguration (category:base,tabindex:1)
2026-04-24 16:54:14,960 [INFO] PluginManage:310 - Check plugin pinoutconfig
2026-04-24 16:54:15,065 [WARN] SupportedApi:132 - Cannot load RTOS API schema: s4s-elt-must-match.1: The content of 'definitions' must match (annotation?, (simpleType | complexType)?, (unique | key | keyref)*)). A problem was found starting at: attribute.
2026-04-24 16:54:15,210 [INFO] PluginManage:359 - Loaded plugin pinoutconfig (category:base,tabindex:0)
2026-04-24 16:54:15,210 [INFO] PluginManage:310 - Check plugin power
2026-04-24 16:54:15,234 [INFO] PluginManage:359 - Loaded plugin power (category:power,tabindex:4)
2026-04-24 16:54:15,234 [INFO] PluginManage:310 - Check plugin projectmanager
2026-04-24 16:54:15,257 [INFO] PluginManage:359 - Loaded plugin projectmanager (category:projectmanager,tabindex:4)
2026-04-24 16:54:15,257 [INFO] PluginManage:310 - Check plugin rif
2026-04-24 16:54:15,282 [INFO] PluginManage:359 - Loaded plugin rif (category:base,tabindex:3)
2026-04-24 16:54:15,283 [INFO] PluginManage:310 - Check plugin thirdparty
2026-04-24 16:54:15,670 [INFO] PluginManage:359 - Loaded plugin thirdparty (category:base,tabindex:-1)
2026-04-24 16:54:15,670 [INFO] PluginManage:310 - Check plugin tools
2026-04-24 16:54:15,670 [WARN] IntegrityCheckThread:84 - waiting for thirdparty lock release [integrity check]
2026-04-24 16:54:15,671 [INFO] IntegrityCheckThread:86 - entering critical section [integrity check]
2026-04-24 16:54:15,672 [INFO] ThirdPartyUpdaterWithRetryManager:70 - Updater plugin not ready yet. [1/15]
2026-04-24 16:54:15,728 [INFO] PluginManage:359 - Loaded plugin tools (category:base,tabindex:7)
2026-04-24 16:54:15,728 [INFO] PluginManage:310 - Check plugin tutovideos
2026-04-24 16:54:16,069 [INFO] PluginManage:359 - Loaded plugin tutovideos (category:base,tabindex:-1)
2026-04-24 16:54:16,069 [INFO] PluginManage:310 - Check plugin updater
2026-04-24 16:54:16,101 [INFO] PluginManage:359 - Loaded plugin updater (category:base,tabindex:12)
2026-04-24 16:54:16,101 [INFO] PluginManage:310 - Check plugin userauth
2026-04-24 16:54:16,106 [INFO] UserAuth:118 - Init User Auth plugin
2026-04-24 16:54:16,107 [INFO] PluginManage:359 - Loaded plugin userauth (category:base,tabindex:14)
2026-04-24 16:54:16,108 [INFO] PluginManage:283 - PluginManage : Loaded plugins [18]
2026-04-24 16:54:16,407 [INFO] PinOutPanel:1589 - setPackage(No Configuration,No Configuration)
2026-04-24 16:54:16,530 [INFO] CADModel:165 - CPN selected for project level
2026-04-24 16:54:16,530 [INFO] CADModel:114 - Register for checkConnection events
2026-04-24 16:54:16,568 [INFO] IPUIPlugin:80 - create IPUIPlugin
2026-04-24 16:54:16,568 [INFO] PluginManager:220 - loadIPPluginJar : add adc
2026-04-24 16:54:16,624 [INFO] IPUIPlugin:80 - create IPUIPlugin
2026-04-24 16:54:16,624 [INFO] PluginManager:220 - loadIPPluginJar : add aes
2026-04-24 16:54:16,695 [INFO] IPUIPlugin:80 - create IPUIPlugin
2026-04-24 16:54:16,695 [INFO] PluginManager:220 - loadIPPluginJar : add can
2026-04-24 16:54:16,731 [INFO] IPUIPlugin:80 - create IPUIPlugin
2026-04-24 16:54:16,732 [INFO] PluginManager:220 - loadIPPluginJar : add comp
2026-04-24 16:54:16,778 [INFO] IPUIPlugin:80 - create IPUIPlugin
2026-04-24 16:54:16,778 [INFO] PluginManager:220 - loadIPPluginJar : add cryp
2026-04-24 16:54:16,794 [INFO] IPUIPlugin:80 - create IPUIPlugin
2026-04-24 16:54:16,794 [INFO] PluginManager:220 - loadIPPluginJar : add ddr_ctrl_phy
2026-04-24 16:54:16,838 [INFO] IPUIPlugin:80 - create IPUIPlugin
2026-04-24 16:54:16,838 [INFO] PluginManager:220 - loadIPPluginJar : add dfsdm
2026-04-24 16:54:16,859 [INFO] IPUIPlugin:80 - create IPUIPlugin
2026-04-24 16:54:16,860 [INFO] PluginManager:220 - loadIPPluginJar : add dma
2026-04-24 16:54:16,923 [INFO] IPUIPlugin:80 - create IPUIPlugin
2026-04-24 16:54:16,923 [INFO] PluginManager:220 - loadIPPluginJar : add dma3
2026-04-24 16:54:16,988 [INFO] IPUIPlugin:80 - create IPUIPlugin
2026-04-24 16:54:16,988 [INFO] PluginManager:220 - loadIPPluginJar : add extmemmanager
2026-04-24 16:54:17,022 [INFO] IPUIPlugin:80 - create IPUIPlugin
2026-04-24 16:54:17,022 [INFO] PluginManager:220 - loadIPPluginJar : add fatfs
2026-04-24 16:54:17,124 [INFO] IPUIPlugin:80 - create IPUIPlugin
2026-04-24 16:54:17,124 [INFO] PluginManager:220 - loadIPPluginJar : add fmc
2026-04-24 16:54:17,158 [INFO] IPUIPlugin:80 - create IPUIPlugin
2026-04-24 16:54:17,159 [INFO] PluginManager:220 - loadIPPluginJar : add freertos
2026-04-24 16:54:17,196 [INFO] IPUIPlugin:80 - create IPUIPlugin
2026-04-24 16:54:17,196 [INFO] PluginManager:220 - loadIPPluginJar : add genericplugin
2026-04-24 16:54:17,331 [INFO] IPUIPlugin:80 - create IPUIPlugin
2026-04-24 16:54:17,332 [INFO] PluginManager:220 - loadIPPluginJar : add gfxmmu
2026-04-24 16:54:17,601 [INFO] IPUIPlugin:80 - create IPUIPlugin
2026-04-24 16:54:17,615 [INFO] PluginManager:220 - loadIPPluginJar : add gic
2026-04-24 16:54:17,632 [INFO] IPUIPlugin:80 - create IPUIPlugin
2026-04-24 16:54:17,632 [INFO] PluginManager:220 - loadIPPluginJar : add gpio
2026-04-24 16:54:17,811 [INFO] IPUIPlugin:80 - create IPUIPlugin
2026-04-24 16:54:17,811 [INFO] PluginManager:220 - loadIPPluginJar : add gtzc
2026-04-24 16:54:17,925 [INFO] IPUIPlugin:80 - create IPUIPlugin
2026-04-24 16:54:17,925 [INFO] PluginManager:220 - loadIPPluginJar : add hash
2026-04-24 16:54:18,000 [INFO] IPUIPlugin:80 - create IPUIPlugin
2026-04-24 16:54:18,000 [INFO] PluginManager:220 - loadIPPluginJar : add i2c
2026-04-24 16:54:18,050 [INFO] IPUIPlugin:80 - create IPUIPlugin
2026-04-24 16:54:18,051 [INFO] PluginManager:220 - loadIPPluginJar : add i2s
2026-04-24 16:54:18,105 [INFO] IPUIPlugin:80 - create IPUIPlugin
2026-04-24 16:54:18,105 [INFO] PluginManager:220 - loadIPPluginJar : add i3c
2026-04-24 16:54:18,284 [INFO] IPUIPlugin:80 - create IPUIPlugin
2026-04-24 16:54:18,285 [INFO] PluginManager:220 - loadIPPluginJar : add ipddr
2026-04-24 16:54:18,477 [INFO] IPUIPlugin:80 - create IPUIPlugin
2026-04-24 16:54:18,478 [INFO] PluginManager:220 - loadIPPluginJar : add linkedlist
2026-04-24 16:54:18,546 [INFO] IPUIPlugin:80 - create IPUIPlugin
2026-04-24 16:54:18,546 [INFO] PluginManager:220 - loadIPPluginJar : add lorawan
2026-04-24 16:54:18,619 [INFO] IPUIPlugin:80 - create IPUIPlugin
2026-04-24 16:54:18,620 [INFO] PluginManager:220 - loadIPPluginJar : add ltdc
2026-04-24 16:54:18,643 [INFO] IPUIPlugin:80 - create IPUIPlugin
2026-04-24 16:54:18,645 [INFO] PluginManager:220 - loadIPPluginJar : add mdma
2026-04-24 16:54:18,659 [INFO] IPUIPlugin:80 - create IPUIPlugin
2026-04-24 16:54:18,660 [INFO] PluginManager:220 - loadIPPluginJar : add nvic
2026-04-24 16:54:18,673 [INFO] ThirdPartyUpdaterWithRetryManager:70 - Updater plugin not ready yet. [2/15]
2026-04-24 16:54:18,715 [INFO] IPUIPlugin:80 - create IPUIPlugin
2026-04-24 16:54:18,715 [INFO] PluginManager:220 - loadIPPluginJar : add opamp
2026-04-24 16:54:18,818 [INFO] IPUIPlugin:80 - create IPUIPlugin
2026-04-24 16:54:18,819 [INFO] PluginManager:220 - loadIPPluginJar : add openamp
2026-04-24 16:54:18,904 [INFO] IPUIPlugin:80 - create IPUIPlugin
2026-04-24 16:54:18,904 [INFO] PluginManager:220 - loadIPPluginJar : add pdm2pcm
2026-04-24 16:54:18,920 [INFO] IPUIPlugin:80 - create IPUIPlugin
2026-04-24 16:54:18,924 [INFO] PluginManager:220 - loadIPPluginJar : add plateformsettings
2026-04-24 16:54:18,957 [INFO] IPUIPlugin:80 - create IPUIPlugin
2026-04-24 16:54:18,957 [INFO] PluginManager:220 - loadIPPluginJar : add quadspi
2026-04-24 16:54:18,992 [INFO] IPUIPlugin:80 - create IPUIPlugin
2026-04-24 16:54:18,993 [INFO] PluginManager:220 - loadIPPluginJar : add radio
2026-04-24 16:54:19,007 [INFO] IPUIPlugin:80 - create IPUIPlugin
2026-04-24 16:54:19,007 [INFO] PluginManager:220 - loadIPPluginJar : add resmgrutility
2026-04-24 16:54:19,079 [INFO] IPUIPlugin:80 - create IPUIPlugin
2026-04-24 16:54:19,079 [INFO] PluginManager:220 - loadIPPluginJar : add sai
2026-04-24 16:54:19,134 [INFO] IPUIPlugin:80 - create IPUIPlugin
2026-04-24 16:54:19,134 [INFO] PluginManager:220 - loadIPPluginJar : add spi
2026-04-24 16:54:19,235 [INFO] IPUIPlugin:80 - create IPUIPlugin
2026-04-24 16:54:19,235 [INFO] PluginManager:220 - loadIPPluginJar : add stm32_wpan
2026-04-24 16:54:19,277 [INFO] IPUIPlugin:80 - create IPUIPlugin
2026-04-24 16:54:19,278 [INFO] PluginManager:220 - loadIPPluginJar : add tim
2026-04-24 16:54:19,374 [INFO] IPUIPlugin:80 - create IPUIPlugin
2026-04-24 16:54:19,375 [INFO] PluginManager:220 - loadIPPluginJar : add touchsensing
2026-04-24 16:54:19,416 [INFO] IPUIPlugin:80 - create IPUIPlugin
2026-04-24 16:54:19,416 [INFO] PluginManager:220 - loadIPPluginJar : add tracer_emb
2026-04-24 16:54:19,468 [INFO] IPUIPlugin:80 - create IPUIPlugin
2026-04-24 16:54:19,469 [INFO] PluginManager:220 - loadIPPluginJar : add ts
2026-04-24 16:54:19,508 [INFO] IPUIPlugin:80 - create IPUIPlugin
2026-04-24 16:54:19,508 [INFO] PluginManager:220 - loadIPPluginJar : add tsc
2026-04-24 16:54:19,543 [INFO] IPUIPlugin:80 - create IPUIPlugin
2026-04-24 16:54:19,543 [INFO] PluginManager:220 - loadIPPluginJar : add ucpd
2026-04-24 16:54:19,606 [INFO] IPUIPlugin:80 - create IPUIPlugin
2026-04-24 16:54:19,606 [INFO] PluginManager:220 - loadIPPluginJar : add usart
2026-04-24 16:54:19,667 [INFO] IPUIPlugin:80 - create IPUIPlugin
2026-04-24 16:54:19,667 [INFO] PluginManager:220 - loadIPPluginJar : add usbx
2026-04-24 16:54:19,809 [FATAL] Updater:351 - Updater called before beeing initialized
2026-04-24 16:54:19,866 [INFO] RulesReader:64 - Compatibility file has been processed (317 Rules)
2026-04-24 16:54:19,882 [INFO] RulesReader:64 - Compatibility file has been processed (317 Rules)
2026-04-24 16:54:19,893 [INFO] CADModel:165 - CPN selected for project level
2026-04-24 16:54:19,893 [INFO] CADModel:114 - Register for checkConnection events
2026-04-24 16:54:19,893 [FATAL] Updater:351 - Updater called before beeing initialized
2026-04-24 16:54:19,893 [ERROR] CADModel:125 - Updater not yet initialized, retry later 
2026-04-24 16:54:20,066 [FATAL] Updater:351 - Updater called before beeing initialized
2026-04-24 16:54:20,068 [INFO] CADModel:165 - CPN selected for project level
2026-04-24 16:54:20,068 [INFO] CADModel:114 - Register for checkConnection events
2026-04-24 16:54:20,068 [FATAL] Updater:351 - Updater called before beeing initialized
2026-04-24 16:54:20,068 [ERROR] CADModel:125 - Updater not yet initialized, retry later 
2026-04-24 16:54:20,071 [FATAL] Updater:351 - Updater called before beeing initialized
2026-04-24 16:54:20,198 [FATAL] Updater:351 - Updater called before beeing initialized
2026-04-24 16:54:20,213 [INFO] DbMcusAds:53 - JSON generation date=Tue Nov 25 15:08:32 CET 2025 (1764079712835)
2026-04-24 16:54:20,213 [FATAL] Updater:351 - Updater called before beeing initialized
2026-04-24 16:54:20,260 [WARN] DetailPanel:346 - Failed to get advertising image, set to default
2026-04-24 16:54:20,380 [FATAL] Updater:351 - Updater called before beeing initialized
2026-04-24 16:54:20,383 [FATAL] Updater:351 - Updater called before beeing initialized
2026-04-24 16:54:20,383 [FATAL] Updater:351 - Updater called before beeing initialized
2026-04-24 16:54:20,383 [WARN] DetailPanel:346 - Failed to get advertising image, set to default
2026-04-24 16:54:20,384 [FATAL] Updater:351 - Updater called before beeing initialized
2026-04-24 16:54:20,460 [ERROR] Updater:1198 - MainUpdater not yet initialized. External WinMGr cannot be set.
2026-04-24 16:54:20,473 [INFO] Updater:1134 - Updater Version found : 6.15.0
2026-04-24 16:54:20,497 [INFO] ApplicationProperties:184 - Using Application install path: C:\Program Files (x86)\STMicroelectronicsSTM32CubeIDE\STM32CubeIDE_1.19.0\STM32CubeIDE\plugins\com.st.stm32cube.common.mx_6.15.0.202507011659
2026-04-24 16:54:21,677 [INFO] ThirdPartyUpdaterWithRetryManager:70 - Updater plugin not ready yet. [3/15]
2026-04-24 16:54:22,166 [ERROR] LogOutputStream:75 - [STDERR_REDIRECT] Apr 24, 2026 4:54:22 PM java.util.prefs.WindowsPreferences <init>
2026-04-24 16:54:22,168 [ERROR] LogOutputStream:75 - [STDERR_REDIRECT] WARNING: Could not open/create prefs root node Software\JavaSoft\Prefs at root 0xffffffff80000002. Windows RegCreateKeyEx(...) returned error code 5.
2026-04-24 16:54:22,168 [ERROR] LogOutputStream:75 - [STDERR_REDIRECT] 
2026-04-24 16:54:22,698 [INFO] MainUpdater:2872 - connection check result : 10
2026-04-24 16:54:22,699 [INFO] MainUpdater:3604 - Updater definition file requires update
2026-04-24 16:54:22,701 [INFO] MainUpdater:289 - Updater Check For Update Now.
2026-04-24 16:54:22,701 [INFO] MicroXplorer:498 - Change Database Version : DB.6.0.150
2026-04-24 16:54:22,727 [INFO] McuFinderGlobals:63 - Set McuFinder mode to 2 (CubeIDE integrated)
2026-04-24 16:54:22,738 [INFO] UserAuth:487 - Internet connection configuration mode: 1
2026-04-24 16:54:22,778 [INFO] JxBrowserEngine:152 - Initiate JxBrowser Engine with user profile folder
2026-04-24 16:54:22,843 [INFO] ServerAccessManage:452 - Complete download http(s) 200
2026-04-24 16:54:22,845 [INFO] ServerAccessManage:509 - Download File updaters.zip
2026-04-24 16:54:23,125 [INFO] FileExtend:248 - Unzip File : updaters.zip
2026-04-24 16:54:23,126 [INFO] FileExtend:263 - Standard Zip Deflate
2026-04-24 16:54:23,813 [INFO] ServerAccessManage:452 - Complete download http(s) 200
2026-04-24 16:54:23,813 [INFO] ServerAccessManage:509 - Download File PacksControlFlags.xml
2026-04-24 16:54:24,091 [INFO] ServerAccessManage:452 - Complete download http(s) 200
2026-04-24 16:54:24,092 [INFO] ServerAccessManage:509 - Download File cubemx.pidx
2026-04-24 16:54:24,701 [WARN] MainUpdater:1193 - Updater busy. Cannot search thirdparties
2026-04-24 16:54:24,702 [INFO] ThirdPartyUpdaterWithRetryManager:96 - Updater plugin is busy. [1/15]
2026-04-24 16:54:24,953 [INFO] ServerAccessManage:452 - Complete download http(s) 200
2026-04-24 16:54:24,953 [INFO] ServerAccessManage:509 - Download File STMicroelectronics.FP-SNS-STAIOTCFT.pdsc
2026-04-24 16:54:25,443 [INFO] WebApp:169 - Instantiating new browser for Auth
2026-04-24 16:54:25,564 [INFO] ServerAccessManage:452 - Complete download http(s) 200
2026-04-24 16:54:25,565 [INFO] ServerAccessManage:509 - Download File STMicroelectronics.X-CUBE-FREERTOS.pdsc
2026-04-24 16:54:26,633 [INFO] ServerAccessManage:452 - Complete download http(s) 200
2026-04-24 16:54:26,634 [INFO] ServerAccessManage:509 - Download File STMicroelectronics.X-CUBE-ST67W61.pdsc
2026-04-24 16:54:26,897 [INFO] WebApp:463 - Apply proxy settings
2026-04-24 16:54:26,898 [INFO] WebApp:548 - Chromium requires no authentication
2026-04-24 16:54:26,940 [INFO] WebApp:491 - Direct internet connection detected
2026-04-24 16:54:27,018 [INFO] ServerAccessManage:452 - Complete download http(s) 200
2026-04-24 16:54:27,018 [INFO] ServerAccessManage:509 - Download File STMicroelectronics.X-CUBE-TOUCHGFX.pdsc
2026-04-24 16:54:27,019 [INFO] WebApp:900 - Register for checkConnection events
2026-04-24 16:54:27,019 [INFO] WebApp:463 - Apply proxy settings
2026-04-24 16:54:27,019 [INFO] WebApp:548 - Chromium requires no authentication
2026-04-24 16:54:27,020 [INFO] WebApp:491 - Direct internet connection detected
2026-04-24 16:54:27,228 [INFO] WebApp:191 - Connection restablished
2026-04-24 16:54:27,396 [INFO] WebApp:225 - Starting web application
2026-04-24 16:54:27,396 [INFO] WebApp:593 - Web application path used C:\Program Files (x86)\STMicroelectronicsSTM32CubeIDE\STM32CubeIDE_1.19.0\STM32CubeIDE\plugins\com.st.stm32cube.common.mx_6.15.0.202507011659\db\plugins\mcufinder\reactClient1\index.html
2026-04-24 16:54:27,661 [INFO] UserAuth:487 - Internet connection configuration mode: 1
2026-04-24 16:54:27,708 [WARN] MainUpdater:1193 - Updater busy. Cannot search thirdparties
2026-04-24 16:54:27,708 [INFO] ThirdPartyUpdaterWithRetryManager:96 - Updater plugin is busy. [2/15]
2026-04-24 16:54:28,668 [INFO] ServerAccessManage:452 - Complete download http(s) 200
2026-04-24 16:54:28,668 [INFO] ServerAccessManage:509 - Download File STMicroelectronics.X-CUBE-AZRTOS-H7.pdsc
2026-04-24 16:54:29,891 [INFO] ServerAccessManage:452 - Complete download http(s) 200
2026-04-24 16:54:29,892 [INFO] ServerAccessManage:509 - Download File STMicroelectronics.X-CUBE-WB05N.pdsc
2026-04-24 16:54:30,030 [INFO] ServerAccessManage:452 - Complete download http(s) 200
2026-04-24 16:54:30,030 [INFO] ServerAccessManage:509 - Download File STMicroelectronics.eDS-WB_DPC_VIENNA.pdsc
2026-04-24 16:54:30,602 [ERROR] ServerAccessManage:1212 - Problem, file not found on Server
2026-04-24 16:54:30,710 [WARN] MainUpdater:1193 - Updater busy. Cannot search thirdparties
2026-04-24 16:54:30,711 [INFO] ThirdPartyUpdaterWithRetryManager:96 - Updater plugin is busy. [3/15]
2026-04-24 16:54:30,806 [ERROR] ServerAccessManage:1212 - Problem, file not found on Server
2026-04-24 16:54:30,919 [ERROR] ServerAccessManage:1212 - Problem, file not found on Server
2026-04-24 16:54:31,114 [ERROR] ServerAccessManage:1212 - Problem, file not found on Server
2026-04-24 16:54:31,273 [ERROR] ServerAccessManage:1212 - Problem, file not found on Server
2026-04-24 16:54:31,313 [INFO] ServerAccessManage:452 - Complete download http(s) 200
2026-04-24 16:54:31,313 [INFO] ServerAccessManage:509 - Download File STMicroelectronics.eDS-WB_DPC_TT-BIDIR.pdsc
2026-04-24 16:54:31,505 [ERROR] ServerAccessManage:1212 - Problem, file not found on Server
2026-04-24 16:54:31,628 [ERROR] ServerAccessManage:1212 - Problem, file not found on Server
2026-04-24 16:54:31,729 [ERROR] ServerAccessManage:1212 - Problem, file not found on Server
2026-04-24 16:54:31,834 [ERROR] ServerAccessManage:1212 - Problem, file not found on Server
2026-04-24 16:54:31,878 [INFO] ServerAccessManage:452 - Complete download http(s) 200
2026-04-24 16:54:31,879 [INFO] ServerAccessManage:509 - Download File STMicroelectronics.eDS-WB_DPC_3PH2L-BIDIR.pdsc
2026-04-24 16:54:32,079 [ERROR] ServerAccessManage:1212 - Problem, file not found on Server
2026-04-24 16:54:32,519 [WARN] PackLoader:240 - Cannot read IP mode file for STMicroelectronics.FP-SNS-STAIOTCFT.1.1.0
2026-04-24 16:54:32,535 [WARN] PackLoader:240 - Cannot read IP mode file for STMicroelectronics.X-CUBE-FREERTOS.1.5.0
2026-04-24 16:54:32,541 [WARN] PopulateThirdPartyThread:106 - Error when creating pack: C:/Users/Universita/.stm32cubemx/thirdparties/pdsc/STMicroelectronics.X-CUBE-ST67W61.pdsc
2026-04-24 16:54:32,547 [WARN] PackLoader:240 - Cannot read IP mode file for STMicroelectronics.X-CUBE-TOUCHGFX.4.26.1
2026-04-24 16:54:32,585 [WARN] PackLoader:240 - Cannot read IP mode file for STMicroelectronics.X-CUBE-AZRTOS-H7.3.5.0
2026-04-24 16:54:32,617 [WARN] PackLoader:240 - Cannot read IP mode file for STMicroelectronics.X-CUBE-WB05N.2.1.0
2026-04-24 16:54:32,623 [WARN] PackLoader:240 - Cannot read IP mode file for STMicroelectronics.eDS-WB_DPC_VIENNA.1.2.0
2026-04-24 16:54:32,627 [WARN] PackLoader:240 - Cannot read IP mode file for STMicroelectronics.eDS-WB_DPC_TT-BIDIR.2.1.1
2026-04-24 16:54:32,631 [WARN] PackLoader:240 - Cannot read IP mode file for STMicroelectronics.eDS-WB_DPC_3PH2L-BIDIR.1.1.1
2026-04-24 16:54:32,632 [INFO] PopulateThirdPartyThread:66 - Ending populate Thread
2026-04-24 16:54:32,633 [INFO] ThirdParty:1030 - CMSIS Pack Vendor :STMicroelectronics X-CUBE-FREERTOS 1.5.0
2026-04-24 16:54:32,633 [INFO] ThirdParty:1030 - CMSIS Pack Vendor :STMicroelectronics X-CUBE-AZRTOS-H7 3.5.0
2026-04-24 16:54:32,633 [INFO] ThirdParty:1030 - CMSIS Pack Vendor :STMicroelectronics FP-SNS-STAIOTCFT 1.1.0
2026-04-24 16:54:32,633 [INFO] ThirdParty:1030 - CMSIS Pack Vendor :STMicroelectronics eDS-WB_DPC_TT-BIDIR 2.1.1
2026-04-24 16:54:32,633 [INFO] ThirdParty:1030 - CMSIS Pack Vendor :STMicroelectronics eDS-WB_DPC_VIENNA 1.2.0
2026-04-24 16:54:32,633 [INFO] ThirdParty:1030 - CMSIS Pack Vendor :STMicroelectronics eDS-WB_DPC_3PH2L-BIDIR 1.1.1
2026-04-24 16:54:32,633 [INFO] ThirdParty:1030 - CMSIS Pack Vendor :STMicroelectronics X-CUBE-TOUCHGFX 4.26.1
2026-04-24 16:54:32,633 [INFO] ThirdParty:1030 - CMSIS Pack Vendor :STMicroelectronics X-CUBE-WB05N 2.1.0
2026-04-24 16:54:32,633 [INFO] LoadServerUpdatesThread:375 - End of LoadServerUpdate Thread
2026-04-24 16:54:32,670 [INFO] CheckServerUpdateThread:120 - End of CheckServer Thread
2026-04-24 16:54:34,062 [WARN] PackLoader:240 - Cannot read IP mode file for STMicroelectronics.X-CUBE-AZRTOS-H7.3.5.0
2026-04-24 16:54:34,088 [WARN] PackLoader:240 - Cannot read IP mode file for STMicroelectronics.FP-SNS-MOTENVWB1.1.4.0
2026-04-24 16:54:34,098 [WARN] PackLoader:240 - Cannot read IP mode file for STMicroelectronics.FP-ATR-ASTRA1.2.0.2
2026-04-24 16:54:34,122 [WARN] PackLoader:240 - Cannot read IP mode file for STMicroelectronics.X-CUBE-SMBUS.2.1.0
2026-04-24 16:54:34,139 [WARN] PackLoader:240 - Cannot read IP mode file for STMicroelectronics.X-CUBE-ST60.1.0.0
2026-04-24 16:54:34,181 [WARN] PackLoader:240 - Cannot read IP mode file for STMicroelectronics.X-CUBE-AZRTOS-F7.1.1.0
2026-04-24 16:54:34,200 [WARN] PackLoader:240 - Cannot read IP mode file for Cesanta.I-CUBE-Mongoose.7.19.0
2026-04-24 16:54:34,219 [WARN] PackLoader:240 - Cannot read IP mode file for STMicroelectronics.FP-SNS-MOTENV1.5.1.0
2026-04-24 16:54:34,241 [WARN] PackLoader:240 - Cannot read IP mode file for WES.I-CUBE-Cesium.1.4.0
2026-04-24 16:54:34,269 [WARN] PackLoader:240 - Cannot read IP mode file for Infineon.AIROC-Wi-Fi-Bluetooth-STM32.1.7.1
2026-04-24 16:54:34,310 [WARN] PackLoader:240 - Cannot read IP mode file for STMicroelectronics.X-CUBE-AZRTOS-H7.3.4.0
2026-04-24 16:54:34,331 [WARN] PackLoader:240 - Cannot read IP mode file for STMicroelectronics.X-CUBE-DISPLAY.3.0.0
2026-04-24 16:54:34,345 [WARN] PackLoader:240 - Cannot read IP mode file for STMicroelectronics.FP-SNS-MOTENVWB1.1.5.0
2026-04-24 16:54:34,369 [WARN] PackLoader:240 - Cannot read IP mode file for STMicroelectronics.X-CUBE-NFC10.1.0.0
2026-04-24 16:54:34,395 [WARN] PackLoader:240 - Cannot read IP mode file for STMicroelectronics.X-CUBE-ST60.1.1.0
2026-04-24 16:54:34,418 [WARN] PackLoader:240 - Cannot read IP mode file for emotas.I-CUBE-CANOPEN.1.3.0
2026-04-24 16:54:34,438 [WARN] PackLoader:240 - Cannot read IP mode file for STMicroelectronics.X-CUBE-GNSS1.7.1.0
2026-04-24 16:54:34,460 [WARN] PackLoader:240 - Cannot read IP mode file for STMicroelectronics.FP-SNS-STBOX1.2.1.0
2026-04-24 16:54:34,479 [WARN] PackLoader:240 - Cannot read IP mode file for STMicroelectronics.FP-SNS-SMARTAG2.1.2.0
2026-04-24 16:54:34,486 [WARN] PackLoader:240 - Cannot read IP mode file for STMicroelectronics.FP-SNS-FLIGHT1.5.1.0
2026-04-24 16:54:34,510 [INFO] LogOutputStream:77 - [STDOUT_REDIRECT] 1 : Invalid condition id : UX_CORESTACK_Condition cause : null
2026-04-24 16:54:34,511 [INFO] LogOutputStream:77 - [STDOUT_REDIRECT] 1 : Invalid condition id : UX_CORESTACK_Condition cause : null
2026-04-24 16:54:34,512 [INFO] LogOutputStream:77 - [STDOUT_REDIRECT] 1 : Invalid condition id : UX_CORESTACK_Condition cause : null
2026-04-24 16:54:34,513 [INFO] LogOutputStream:77 - [STDOUT_REDIRECT] 1 : Invalid condition id : UX_CORESTACK_Condition cause : null
2026-04-24 16:54:34,513 [INFO] LogOutputStream:77 - [STDOUT_REDIRECT] 1 : Invalid condition id : UX_CORESTACK_Condition cause : null
2026-04-24 16:54:34,516 [WARN] PackLoader:240 - Cannot read IP mode file for STMicroelectronics.X-CUBE-AZRTOS-WL.2.0.0
2026-04-24 16:54:34,534 [WARN] PackLoader:240 - Cannot read IP mode file for STMicroelectronics.FP-SNS-MOTENV1.5.0.0
2026-04-24 16:54:34,570 [WARN] PackLoader:240 - Cannot read IP mode file for STMicroelectronics.X-CUBE-AZRTOS-H7RS.1.2.0
2026-04-24 16:54:34,594 [WARN] PackLoader:240 - Cannot read IP mode file for STMicroelectronics.X-CUBE-BLE2.3.3.0
2026-04-24 16:54:34,652 [WARN] PackLoader:240 - Cannot read IP mode file for STMicroelectronics.X-CUBE-NFC9.1.0.0
2026-04-24 16:54:34,672 [WARN] PackLoader:240 - Cannot read IP mode file for wolfSSL.I-CUBE-wolfSSL.5.8.2
2026-04-24 16:54:34,692 [WARN] PackLoader:240 - Cannot read IP mode file for STMicroelectronics.X-CUBE-BLE1.7.1.0
2026-04-24 16:54:34,699 [WARN] PackLoader:240 - Cannot read IP mode file for wolfSSL.I-CUBE-wolfMQTT.1.19.2
2026-04-24 16:54:34,717 [WARN] PackLoader:240 - Cannot read IP mode file for STMicroelectronics.X-CUBE-FREERTOS.1.4.0
2026-04-24 16:54:34,734 [WARN] PackLoader:240 - Cannot read IP mode file for STMicroelectronics.X-CUBE-EEPRMA1.5.2.0
2026-04-24 16:54:34,754 [WARN] PackLoader:240 - Cannot read IP mode file for STMicroelectronics.X-CUBE-ST67W61.1.1.0
2026-04-24 16:54:34,761 [WARN] PackLoader:240 - Cannot read IP mode file for STMicroelectronics.FP-SNS-STAIOTCFT.1.1.0
2026-04-24 16:54:34,816 [WARN] PackLoader:240 - Cannot read IP mode file for STMicroelectronics.X-CUBE-MEMS1.12.0.0
2026-04-24 16:54:34,933 [WARN] PackLoader:240 - Cannot read IP mode file for STMicroelectronics.X-CUBE-AZRTOS-G0.1.1.0
2026-04-24 16:54:34,956 [WARN] PackLoader:240 - Cannot read IP mode file for STMicroelectronics.X-CUBE-SAFEA1.1.2.2
2026-04-24 16:54:34,978 [WARN] PackLoader:240 - Cannot read IP mode file for STMicroelectronics.X-CUBE-NFC4.3.0.0
2026-04-24 16:54:35,005 [WARN] PackLoader:240 - Cannot read IP mode file for EmbeddedOffice.I-CUBE-FS-RTOS.1.0.1
2026-04-24 16:54:35,031 [WARN] PackLoader:240 - Cannot read IP mode file for STMicroelectronics.X-CUBE-WB05N.2.0.0
2026-04-24 16:54:35,038 [WARN] PackLoader:240 - Cannot read IP mode file for wolfSSL.I-CUBE-wolfTPM.3.8.0
2026-04-24 16:54:35,062 [WARN] PackLoader:240 - Cannot read IP mode file for STMicroelectronics.X-CUBE-TCPP.4.2.0
2026-04-24 16:54:35,084 [WARN] PackLoader:240 - Cannot read IP mode file for RealThread.X-CUBE-RT-Thread_Nano.4.1.1
2026-04-24 16:54:35,091 [WARN] PackLoader:240 - Cannot read IP mode file for STMicroelectronics.FP-ATR-SIGFOX1.3.2.0
2026-04-24 16:54:35,097 [WARN] PackLoader:240 - Cannot read IP mode file for STMicroelectronics.X-CUBE-FREERTOS.1.5.0
2026-04-24 16:54:35,137 [WARN] PackLoader:240 - Cannot read IP mode file for ITTIA_DB.I-CUBE-ITTIADB.8.9.0
2026-04-24 16:54:35,156 [WARN] PackLoader:240 - Cannot read IP mode file for STMicroelectronics.X-CUBE-NFC6.3.2.0
2026-04-24 16:54:35,178 [WARN] PackLoader:240 - Cannot read IP mode file for STMicroelectronics.X-CUBE-AI.10.2.0
2026-04-24 16:54:35,223 [WARN] PackLoader:240 - Cannot read IP mode file for SEGGER.I-CUBE-embOS.1.3.1
2026-04-24 16:54:35,272 [WARN] PackLoader:240 - Cannot read IP mode file for STMicroelectronics.X-CUBE-ALGOBUILD.1.4.0
2026-04-24 16:54:35,334 [WARN] PackLoader:240 - Cannot read IP mode file for STMicroelectronics.X-CUBE-MEMS1.11.3.0
2026-04-24 16:54:35,439 [WARN] PackLoader:240 - Cannot read IP mode file for STMicroelectronics.X-CUBE-PM33A1.1.0.0
2026-04-24 16:54:35,472 [WARN] PackLoader:240 - Cannot read IP mode file for STMicroelectronics.X-CUBE-AZRTOS-F4.1.1.0
2026-04-24 16:54:35,495 [WARN] PackLoader:240 - Cannot read IP mode file for STMicroelectronics.X-CUBE-ISPU.2.1.0
2026-04-24 16:54:35,522 [WARN] PackLoader:240 - Cannot read IP mode file for STMicroelectronics.X-CUBE-IPS.3.2.0
2026-04-24 16:54:35,530 [WARN] PackLoader:240 - Cannot read IP mode file for STMicroelectronics.eDS-WB_DPC_TT-BIDIR.2.1.1
2026-04-24 16:54:35,575 [WARN] PackLoader:240 - Cannot read IP mode file for STMicroelectronics.X-CUBE-NFC12.1.0.0
2026-04-24 16:54:35,613 [WARN] PackLoader:240 - Cannot read IP mode file for STMicroelectronics.X-CUBE-AZRTOS-L5.2.0.0
2026-04-24 16:54:35,636 [WARN] PackLoader:240 - Cannot read IP mode file for STMicroelectronics.X-CUBE-NFC6.3.1.0
2026-04-24 16:54:35,643 [WARN] PackLoader:240 - Cannot read IP mode file for STMicroelectronics.eDS-WB_DPC_VIENNA.1.2.0
2026-04-24 16:54:35,649 [WARN] PackLoader:240 - Cannot read IP mode file for STMicroelectronics.eDS-WB_DPC_3PH2L-BIDIR.1.1.1
2026-04-24 16:54:35,652 [ERROR] Engine:466 - C:\Users\Universita\.stm32cubemx\thirdparties\pdsc\STMicroelectronics.X-CUBE-ST67W61.1.3.0.pdsc: PDSC version is not supported
2026-04-24 16:54:35,671 [WARN] PackLoader:240 - Cannot read IP mode file for STMicroelectronics.X-CUBE-FREERTOS.1.3.1
2026-04-24 16:54:35,693 [WARN] PackLoader:240 - Cannot read IP mode file for STMicroelectronics.X-CUBE-TOUCHGFX.4.26.0
2026-04-24 16:54:35,696 [WARN] PackLoader:240 - Cannot read IP mode file for STMicroelectronics.X-CUBE-TOUCHGFX.4.26.1
2026-04-24 16:54:35,713 [WARN] PackLoader:240 - Cannot read IP mode file for STMicroelectronics.FP-SNS-STAIOTCFT.1.0.0
2026-04-24 16:54:35,732 [WARN] PackLoader:240 - Cannot read IP mode file for STMicroelectronics.X-CUBE-DPower.1.3.0
2026-04-24 16:54:35,765 [WARN] ConditionMgr:438 - getConditionDescription Invalid condition id : LAN8742 Phy interface Condition cause : null
2026-04-24 16:54:35,766 [WARN] PackLoader:240 - Cannot read IP mode file for STMicroelectronics.X-CUBE-AZRTOS-L4.2.0.0
2026-04-24 16:54:35,767 [WARN] ConditionMgr:1044 - genDependencies : Invalid condition id : LAN8742 Phy interface Condition cause : null
2026-04-24 16:54:35,767 [WARN] ConditionMgr:1044 - genDependencies : Invalid condition id : LAN8742 Phy interface Condition cause : null
2026-04-24 16:54:35,768 [WARN] ConditionMgr:1044 - genDependencies : Invalid condition id : LAN8742 Phy interface Condition cause : null
2026-04-24 16:54:35,787 [WARN] PackLoader:240 - Cannot read IP mode file for STMicroelectronics.X-CUBE-SFXS2LP1.4.0.0
2026-04-24 16:54:35,793 [WARN] PackLoader:240 - Cannot read IP mode file for STMicroelectronics.X-CUBE-WB05N.2.1.0
2026-04-24 16:54:35,814 [WARN] PackLoader:240 - Cannot read IP mode file for STMicroelectronics.X-CUBE-ST67W61.1.2.0
2026-04-24 16:54:35,836 [WARN] PackLoader:240 - Cannot read IP mode file for STMicroelectronics.X-CUBE-BLEMGR.4.1.0
2026-04-24 16:54:35,865 [WARN] ConditionMgr:438 - getConditionDescription Invalid condition id : UX DEVICE CLASS RTOS Condition cause : null
2026-04-24 16:54:35,865 [WARN] ConditionMgr:438 - getConditionDescription Invalid condition id : UX DEVICE CLASS RTOS Condition cause : null
2026-04-24 16:54:35,866 [WARN] PackLoader:240 - Cannot read IP mode file for STMicroelectronics.X-CUBE-AZRTOS-WB.2.0.0
2026-04-24 16:54:35,867 [WARN] ConditionMgr:1044 - genDependencies : Invalid condition id : UX DEVICE CLASS RTOS Condition cause : null
2026-04-24 16:54:35,867 [WARN] ConditionMgr:1044 - genDependencies : Invalid condition id : UX DEVICE CLASS RTOS Condition cause : null
2026-04-24 16:54:35,867 [WARN] ConditionMgr:1044 - genDependencies : Invalid condition id : UX DEVICE CLASS RTOS Condition cause : null
2026-04-24 16:54:35,867 [WARN] ConditionMgr:1044 - genDependencies : Invalid condition id : UX DEVICE CLASS RTOS Condition cause : null
2026-04-24 16:54:35,867 [WARN] ConditionMgr:1044 - genDependencies : Invalid condition id : UX DEVICE CLASS RTOS Condition cause : null
2026-04-24 16:54:35,882 [WARN] PackLoader:240 - Cannot read IP mode file for STMicroelectronics.X-CUBE-GNSS1.7.0.1
2026-04-24 16:54:35,890 [WARN] ConditionMgr:438 - getConditionDescription Invalid condition id : Cortex-A Device cause : null
2026-04-24 16:54:35,913 [WARN] ConditionMgr:1044 - genDependencies : Invalid condition id : Cortex-A Device cause : null
2026-04-24 16:54:35,913 [WARN] ConditionMgr:1044 - genDependencies : Invalid condition id : Cortex-A Device cause : null
2026-04-24 16:54:35,913 [WARN] ConditionMgr:1044 - genDependencies : Invalid condition id : Cortex-A Device cause : null
2026-04-24 16:54:35,937 [WARN] PackLoader:240 - Cannot read IP mode file for STMicroelectronics.X-CUBE-STSE01.2.0.0
2026-04-24 16:54:35,961 [WARN] PackLoader:240 - Cannot read IP mode file for STMicroelectronics.X-CUBE-SUBG2.5.0.0
2026-04-24 16:54:36,028 [WARN] PackLoader:240 - Cannot read IP mode file for STMicroelectronics.X-CUBE-AZRTOS-H7RS.1.1.0
2026-04-24 16:54:36,081 [WARN] PackLoader:240 - Cannot read IP mode file for STMicroelectronics.X-CUBE-AZRTOS-G4.2.0.0
2026-04-24 16:54:36,093 [WARN] PackLoader:240 - Cannot read IP mode file for wolfSSL.I-CUBE-wolfSSH.1.4.20
2026-04-24 16:54:36,114 [WARN] PackLoader:240 - Cannot read IP mode file for STMicroelectronics.X-CUBE-NFC7.2.0.0
2026-04-24 16:54:36,132 [WARN] PackLoader:240 - Cannot read IP mode file for STMicroelectronics.X-CUBE-ALS.1.0.2
2026-04-24 16:54:36,151 [WARN] PackLoader:240 - Cannot read IP mode file for STMicroelectronics.X-CUBE-STSE01.1.0.0
2026-04-24 16:54:36,182 [WARN] PackLoader:240 - Cannot read IP mode file for STMicroelectronics.X-CUBE-TOF1.3.4.3
2026-04-24 16:54:36,190 [INFO] ThirdParty:978 - Integrity check success = true
2026-04-24 16:54:36,191 [INFO] IntegrityCheckThread:100 - exiting critical section [integrity check]
2026-04-24 16:54:36,191 [INFO] IntegrityCheckThread:103 - End integrity checks thread
2026-04-24 17:13:36,471 [ERROR] LogOutputStream:75 - [STDERR_REDIRECT] 
2026-04-24 17:20:15,645 [INFO] Activator:176 - 


2026-04-24 17:20:15,648 [INFO] Activator:177 - !SESSION log4j initialized
2026-04-24 17:20:18,003 [INFO] LogOutputStream:77 - [STDOUT_REDIRECT] 
